<?xml version="1.0" encoding="UTF-8"?>
<testng-results skipped="0" failed="0" ignored="0" total="1" passed="1">
  <reporter-output>
  </reporter-output>
  <suite name="Default suite" duration-ms="34931" started-at="2020-11-30T13:23:40 IST" finished-at="2020-11-30T13:24:15 IST">
    <groups>
    </groups>
    <test name="Default test" duration-ms="34931" started-at="2020-11-30T13:23:40 IST" finished-at="2020-11-30T13:24:15 IST">
      <class name="transBotpackage.TransbotClass">
        <test-method status="PASS" signature="setup()[pri:0, instance:transBotpackage.TransbotClass@2758fe70]" name="setup" is-config="true" duration-ms="4111" started-at="2020-11-30T13:23:40 IST" finished-at="2020-11-30T13:23:44 IST">
          <reporter-output>
          </reporter-output>
        </test-method> <!-- setup -->
        <test-method status="PASS" signature="test5()[pri:0, instance:transBotpackage.TransbotClass@2758fe70]" name="test5" duration-ms="27690" started-at="2020-11-30T13:23:44 IST" finished-at="2020-11-30T13:24:12 IST">
          <reporter-output>
          </reporter-output>
        </test-method> <!-- test5 -->
        <test-method status="PASS" signature="method()[pri:0, instance:transBotpackage.TransbotClass@2758fe70]" name="method" is-config="true" duration-ms="3087" started-at="2020-11-30T13:24:12 IST" finished-at="2020-11-30T13:24:15 IST">
          <reporter-output>
          </reporter-output>
        </test-method> <!-- method -->
      </class> <!-- transBotpackage.TransbotClass -->
    </test> <!-- Default test -->
  </suite> <!-- Default suite -->
</testng-results>
